
*** Running vivado
    with args -log test_env.vds -m64 -product Vivado -mode batch -messageDb vivado.pb -notrace -source test_env.tcl



****** Vivado v2022.2 (64-bit)
  **** SW Build 3671981 on Fri Oct 14 05:00:03 MDT 2022
  **** IP Build 3669848 on Fri Oct 14 08:30:02 MDT 2022
    ** Copyright 1986-2022 Xilinx, Inc. All Rights Reserved.

source test_env.tcl -notrace
create_project: Time (s): cpu = 00:00:14 ; elapsed = 00:00:15 . Memory (MB): peak = 424.555 ; gain = 76.754
Command: read_checkpoint -auto_incremental -incremental C:/Users/david/Desktop/MIPS_PIPELINE/MIPS_PIPELINE.srcs/utils_1/imports/synth_1/test_env.dcp
INFO: [Vivado 12-5825] Read reference checkpoint from C:/Users/david/Desktop/MIPS_PIPELINE/MIPS_PIPELINE.srcs/utils_1/imports/synth_1/test_env.dcp for incremental synthesis
INFO: [Vivado 12-7989] Please ensure there are no constraint changes
Command: synth_design -top test_env -part xc7a100tcsg324-1
Starting synth_design
Attempting to get a license for feature 'Synthesis' and/or device 'xc7a100t'
INFO: [Common 17-349] Got license for feature 'Synthesis' and/or device 'xc7a100t'
INFO: [Device 21-403] Loading part xc7a100tcsg324-1
INFO: [Designutils 20-5440] No compile time benefit to using incremental synthesis; A full resynthesis will be run
INFO: [Designutils 20-4379] Flow is switching to default flow due to incremental criteria not met. If you would like to alter this behaviour and have the flow terminate instead, please set the following parameter config_implementation {autoIncr.Synth.RejectBehavior Terminate}
INFO: [Synth 8-7079] Multithreading enabled for synth_design using a maximum of 2 processes.
INFO: [Synth 8-7078] Launching helper process for spawning children vivado processes
INFO: [Synth 8-7075] Helper process launched with PID 8340
INFO: [Synth 8-11241] undeclared symbol 'REGCCE', assumed default net type 'wire' [C:/Xilinx/Vivado/2022.2/data/verilog/src/unimacro/BRAM_SINGLE_MACRO.v:2170]
---------------------------------------------------------------------------------
Starting RTL Elaboration : Time (s): cpu = 00:00:12 ; elapsed = 00:00:13 . Memory (MB): peak = 1254.051 ; gain = 408.016
---------------------------------------------------------------------------------
INFO: [Synth 8-6157] synthesizing module 'test_env' [C:/Users/david/Desktop/MIPS_PIPELINE/MIPS_PIPELINE.srcs/sources_1/new/test_env.sv:1]
INFO: [Synth 8-6157] synthesizing module 'mono_pulse' [C:/Users/david/Desktop/MIPS_PIPELINE/MIPS_PIPELINE.srcs/sources_1/new/mono_pulse.sv:1]
INFO: [Synth 8-6155] done synthesizing module 'mono_pulse' (0#1) [C:/Users/david/Desktop/MIPS_PIPELINE/MIPS_PIPELINE.srcs/sources_1/new/mono_pulse.sv:1]
INFO: [Synth 8-6157] synthesizing module 'instruction_fetch' [C:/Users/david/Desktop/MIPS_PIPELINE/MIPS_PIPELINE.srcs/sources_1/new/instruction_fetch.sv:1]
INFO: [Synth 8-3876] $readmem data file 'instruction_memory.mem' is read successfully [C:/Users/david/Desktop/MIPS_PIPELINE/MIPS_PIPELINE.srcs/sources_1/new/instruction_fetch.sv:22]
INFO: [Synth 8-226] default block is never used [C:/Users/david/Desktop/MIPS_PIPELINE/MIPS_PIPELINE.srcs/sources_1/new/instruction_fetch.sv:37]
INFO: [Synth 8-226] default block is never used [C:/Users/david/Desktop/MIPS_PIPELINE/MIPS_PIPELINE.srcs/sources_1/new/instruction_fetch.sv:46]
INFO: [Synth 8-6155] done synthesizing module 'instruction_fetch' (0#1) [C:/Users/david/Desktop/MIPS_PIPELINE/MIPS_PIPELINE.srcs/sources_1/new/instruction_fetch.sv:1]
INFO: [Synth 8-6157] synthesizing module 'instruction_decode' [C:/Users/david/Desktop/MIPS_PIPELINE/MIPS_PIPELINE.srcs/sources_1/new/instruction_decode.sv:1]
INFO: [Synth 8-3876] $readmem data file 'register_file.mem' is read successfully [C:/Users/david/Desktop/MIPS_PIPELINE/MIPS_PIPELINE.srcs/sources_1/new/instruction_decode.sv:24]
INFO: [Synth 8-6155] done synthesizing module 'instruction_decode' (0#1) [C:/Users/david/Desktop/MIPS_PIPELINE/MIPS_PIPELINE.srcs/sources_1/new/instruction_decode.sv:1]
INFO: [Synth 8-6157] synthesizing module 'control_unit' [C:/Users/david/Desktop/MIPS_PIPELINE/MIPS_PIPELINE.srcs/sources_1/new/control_unit.sv:1]
INFO: [Synth 8-6155] done synthesizing module 'control_unit' (0#1) [C:/Users/david/Desktop/MIPS_PIPELINE/MIPS_PIPELINE.srcs/sources_1/new/control_unit.sv:1]
INFO: [Synth 8-6157] synthesizing module 'execute' [C:/Users/david/Desktop/MIPS_PIPELINE/MIPS_PIPELINE.srcs/sources_1/new/execute.sv:1]
INFO: [Synth 8-6155] done synthesizing module 'execute' (0#1) [C:/Users/david/Desktop/MIPS_PIPELINE/MIPS_PIPELINE.srcs/sources_1/new/execute.sv:1]
INFO: [Synth 8-6157] synthesizing module 'memory' [C:/Users/david/Desktop/MIPS_PIPELINE/MIPS_PIPELINE.srcs/sources_1/new/memory.sv:1]
INFO: [Synth 8-3876] $readmem data file 'ram.mem' is read successfully [C:/Users/david/Desktop/MIPS_PIPELINE/MIPS_PIPELINE.srcs/sources_1/new/memory.sv:12]
INFO: [Synth 8-6155] done synthesizing module 'memory' (0#1) [C:/Users/david/Desktop/MIPS_PIPELINE/MIPS_PIPELINE.srcs/sources_1/new/memory.sv:1]
INFO: [Synth 8-6157] synthesizing module 'forwarding_unit' [C:/Users/david/Desktop/MIPS_PIPELINE/MIPS_PIPELINE.srcs/sources_1/new/forwarding_unit.sv:1]
INFO: [Synth 8-6155] done synthesizing module 'forwarding_unit' (0#1) [C:/Users/david/Desktop/MIPS_PIPELINE/MIPS_PIPELINE.srcs/sources_1/new/forwarding_unit.sv:1]
INFO: [Synth 8-6157] synthesizing module 'hazard_detection_unit' [C:/Users/david/Desktop/MIPS_PIPELINE/MIPS_PIPELINE.srcs/sources_1/new/hazard_detection_unit.sv:1]
INFO: [Synth 8-6155] done synthesizing module 'hazard_detection_unit' (0#1) [C:/Users/david/Desktop/MIPS_PIPELINE/MIPS_PIPELINE.srcs/sources_1/new/hazard_detection_unit.sv:1]
INFO: [Synth 8-6157] synthesizing module 'seven_segment' [C:/Users/david/Desktop/MIPS_PIPELINE/MIPS_PIPELINE.srcs/sources_1/new/seven_segment.sv:1]
INFO: [Synth 8-226] default block is never used [C:/Users/david/Desktop/MIPS_PIPELINE/MIPS_PIPELINE.srcs/sources_1/new/seven_segment.sv:18]
INFO: [Synth 8-226] default block is never used [C:/Users/david/Desktop/MIPS_PIPELINE/MIPS_PIPELINE.srcs/sources_1/new/seven_segment.sv:33]
INFO: [Synth 8-6155] done synthesizing module 'seven_segment' (0#1) [C:/Users/david/Desktop/MIPS_PIPELINE/MIPS_PIPELINE.srcs/sources_1/new/seven_segment.sv:1]
INFO: [Synth 8-6155] done synthesizing module 'test_env' (0#1) [C:/Users/david/Desktop/MIPS_PIPELINE/MIPS_PIPELINE.srcs/sources_1/new/test_env.sv:1]
WARNING: [Synth 8-3917] design test_env has port dp driven by constant 1
WARNING: [Synth 8-7129] Port address[15] in module memory is either unconnected or has no load
WARNING: [Synth 8-7129] Port address[14] in module memory is either unconnected or has no load
WARNING: [Synth 8-7129] Port address[13] in module memory is either unconnected or has no load
WARNING: [Synth 8-7129] Port address[12] in module memory is either unconnected or has no load
WARNING: [Synth 8-7129] Port address[11] in module memory is either unconnected or has no load
WARNING: [Synth 8-7129] Port address[10] in module memory is either unconnected or has no load
WARNING: [Synth 8-7129] Port address[9] in module memory is either unconnected or has no load
WARNING: [Synth 8-7129] Port address[8] in module memory is either unconnected or has no load
WARNING: [Synth 8-7129] Port address[7] in module memory is either unconnected or has no load
WARNING: [Synth 8-7129] Port address[6] in module memory is either unconnected or has no load
WARNING: [Synth 8-7129] Port address[5] in module memory is either unconnected or has no load
WARNING: [Synth 8-7129] Port address[4] in module memory is either unconnected or has no load
WARNING: [Synth 8-7129] Port instruction[15] in module instruction_decode is either unconnected or has no load
WARNING: [Synth 8-7129] Port instruction[14] in module instruction_decode is either unconnected or has no load
WARNING: [Synth 8-7129] Port instruction[13] in module instruction_decode is either unconnected or has no load
WARNING: [Synth 8-7129] Port write_data[15] in module instruction_decode is either unconnected or has no load
WARNING: [Synth 8-7129] Port write_data[14] in module instruction_decode is either unconnected or has no load
WARNING: [Synth 8-7129] Port write_data[13] in module instruction_decode is either unconnected or has no load
WARNING: [Synth 8-7129] Port write_data[12] in module instruction_decode is either unconnected or has no load
WARNING: [Synth 8-7129] Port write_data[11] in module instruction_decode is either unconnected or has no load
WARNING: [Synth 8-7129] Port write_data[10] in module instruction_decode is either unconnected or has no load
WARNING: [Synth 8-7129] Port write_data[9] in module instruction_decode is either unconnected or has no load
WARNING: [Synth 8-7129] Port write_data[8] in module instruction_decode is either unconnected or has no load
WARNING: [Synth 8-7129] Port sw[15] in module test_env is either unconnected or has no load
WARNING: [Synth 8-7129] Port sw[14] in module test_env is either unconnected or has no load
WARNING: [Synth 8-7129] Port sw[13] in module test_env is either unconnected or has no load
WARNING: [Synth 8-7129] Port sw[12] in module test_env is either unconnected or has no load
WARNING: [Synth 8-7129] Port sw[11] in module test_env is either unconnected or has no load
WARNING: [Synth 8-7129] Port sw[10] in module test_env is either unconnected or has no load
WARNING: [Synth 8-7129] Port sw[9] in module test_env is either unconnected or has no load
WARNING: [Synth 8-7129] Port sw[8] in module test_env is either unconnected or has no load
WARNING: [Synth 8-7129] Port sw[7] in module test_env is either unconnected or has no load
WARNING: [Synth 8-7129] Port sw[6] in module test_env is either unconnected or has no load
WARNING: [Synth 8-7129] Port sw[5] in module test_env is either unconnected or has no load
WARNING: [Synth 8-7129] Port sw[4] in module test_env is either unconnected or has no load
WARNING: [Synth 8-7129] Port sw[3] in module test_env is either unconnected or has no load
---------------------------------------------------------------------------------
Finished RTL Elaboration : Time (s): cpu = 00:00:15 ; elapsed = 00:00:17 . Memory (MB): peak = 1356.957 ; gain = 510.922
---------------------------------------------------------------------------------
---------------------------------------------------------------------------------
Start Handling Custom Attributes
---------------------------------------------------------------------------------
---------------------------------------------------------------------------------
Finished Handling Custom Attributes : Time (s): cpu = 00:00:16 ; elapsed = 00:00:17 . Memory (MB): peak = 1356.957 ; gain = 510.922
---------------------------------------------------------------------------------
---------------------------------------------------------------------------------
Finished RTL Optimization Phase 1 : Time (s): cpu = 00:00:16 ; elapsed = 00:00:17 . Memory (MB): peak = 1356.957 ; gain = 510.922
---------------------------------------------------------------------------------
Netlist sorting complete. Time (s): cpu = 00:00:00 ; elapsed = 00:00:00.174 . Memory (MB): peak = 1356.957 ; gain = 0.000
INFO: [Project 1-570] Preparing netlist for logic optimization

Processing XDC Constraints
Initializing timing engine
Parsing XDC File [C:/Users/david/Desktop/MIPS_PIPELINE/MIPS_PIPELINE.srcs/constrs_1/new/constr.xdc]
Finished Parsing XDC File [C:/Users/david/Desktop/MIPS_PIPELINE/MIPS_PIPELINE.srcs/constrs_1/new/constr.xdc]
INFO: [Project 1-236] Implementation specific constraints were found while reading constraint file [C:/Users/david/Desktop/MIPS_PIPELINE/MIPS_PIPELINE.srcs/constrs_1/new/constr.xdc]. These constraints will be ignored for synthesis but will be used in implementation. Impacted constraints are listed in the file [.Xil/test_env_propImpl.xdc].
Resolution: To avoid this warning, move constraints listed in [.Xil/test_env_propImpl.xdc] to another XDC file and exclude this new file from synthesis with the used_in_synthesis property (File Properties dialog in GUI) and re-run elaboration/synthesis.
Completed Processing XDC Constraints

Netlist sorting complete. Time (s): cpu = 00:00:00 ; elapsed = 00:00:00 . Memory (MB): peak = 1404.184 ; gain = 0.000
INFO: [Project 1-111] Unisim Transformation Summary:
No Unisim elements were transformed.

Constraint Validation Runtime : Time (s): cpu = 00:00:00 ; elapsed = 00:00:00.010 . Memory (MB): peak = 1404.184 ; gain = 0.000
INFO: [Designutils 20-5440] No compile time benefit to using incremental synthesis; A full resynthesis will be run
INFO: [Designutils 20-4379] Flow is switching to default flow due to incremental criteria not met. If you would like to alter this behaviour and have the flow terminate instead, please set the following parameter config_implementation {autoIncr.Synth.RejectBehavior Terminate}
INFO: [Synth 8-11241] undeclared symbol 'REGCCE', assumed default net type 'wire' [C:/Xilinx/Vivado/2022.2/data/verilog/src/unimacro/BRAM_SINGLE_MACRO.v:2170]
---------------------------------------------------------------------------------
Finished Constraint Validation : Time (s): cpu = 00:00:38 ; elapsed = 00:00:40 . Memory (MB): peak = 1404.184 ; gain = 558.148
---------------------------------------------------------------------------------
---------------------------------------------------------------------------------
Start Loading Part and Timing Information
---------------------------------------------------------------------------------
Loading part: xc7a100tcsg324-1
---------------------------------------------------------------------------------
Finished Loading Part and Timing Information : Time (s): cpu = 00:00:38 ; elapsed = 00:00:40 . Memory (MB): peak = 1404.184 ; gain = 558.148
---------------------------------------------------------------------------------
---------------------------------------------------------------------------------
Start Applying 'set_property' XDC Constraints
---------------------------------------------------------------------------------
---------------------------------------------------------------------------------
Finished applying 'set_property' XDC Constraints : Time (s): cpu = 00:00:38 ; elapsed = 00:00:40 . Memory (MB): peak = 1404.184 ; gain = 558.148
---------------------------------------------------------------------------------
---------------------------------------------------------------------------------
Finished RTL Optimization Phase 2 : Time (s): cpu = 00:00:41 ; elapsed = 00:00:43 . Memory (MB): peak = 1447.852 ; gain = 601.816
---------------------------------------------------------------------------------
---------------------------------------------------------------------------------
Start RTL Component Statistics 
---------------------------------------------------------------------------------
Detailed RTL Component Info : 
+---Adders : 
	   2 Input   16 Bit       Adders := 2     
	   3 Input   16 Bit       Adders := 1     
+---XORs : 
	   2 Input     16 Bit         XORs := 1     
+---Registers : 
	               16 Bit    Registers := 10    
	                5 Bit    Registers := 3     
	                3 Bit    Registers := 7     
	                1 Bit    Registers := 11    
+---Muxes : 
	  15 Input 65536 Bit        Muxes := 1     
	   2 Input   16 Bit        Muxes := 9     
	   8 Input   16 Bit        Muxes := 1     
	   6 Input   16 Bit        Muxes := 1     
	   4 Input   16 Bit        Muxes := 2     
	   8 Input    8 Bit        Muxes := 1     
	   8 Input    3 Bit        Muxes := 1     
	   6 Input    3 Bit        Muxes := 1     
	   2 Input    3 Bit        Muxes := 1     
	   3 Input    2 Bit        Muxes := 2     
	   8 Input    1 Bit        Muxes := 7     
---------------------------------------------------------------------------------
Finished RTL Component Statistics 
---------------------------------------------------------------------------------
---------------------------------------------------------------------------------
Start Part Resource Summary
---------------------------------------------------------------------------------
Part Resources:
DSPs: 240 (col length:80)
BRAMs: 270 (col length: RAMB18 80 RAMB36 40)
---------------------------------------------------------------------------------
Finished Part Resource Summary
---------------------------------------------------------------------------------
---------------------------------------------------------------------------------
Start Cross Boundary and Area Optimization
---------------------------------------------------------------------------------
WARNING: [Synth 8-7080] Parallel synthesis criteria is not met
DSP Report: Generating DSP nolabel_line225/product, operation Mode is: A*B.
DSP Report: operator nolabel_line225/product is absorbed into DSP nolabel_line225/product.
WARNING: [Synth 8-3917] design test_env has port dp driven by constant 1
WARNING: [Synth 8-7129] Port sw[15] in module test_env is either unconnected or has no load
WARNING: [Synth 8-7129] Port sw[14] in module test_env is either unconnected or has no load
WARNING: [Synth 8-7129] Port sw[13] in module test_env is either unconnected or has no load
WARNING: [Synth 8-7129] Port sw[12] in module test_env is either unconnected or has no load
WARNING: [Synth 8-7129] Port sw[11] in module test_env is either unconnected or has no load
WARNING: [Synth 8-7129] Port sw[10] in module test_env is either unconnected or has no load
WARNING: [Synth 8-7129] Port sw[9] in module test_env is either unconnected or has no load
WARNING: [Synth 8-7129] Port sw[8] in module test_env is either unconnected or has no load
WARNING: [Synth 8-7129] Port sw[7] in module test_env is either unconnected or has no load
WARNING: [Synth 8-7129] Port sw[6] in module test_env is either unconnected or has no load
WARNING: [Synth 8-7129] Port sw[5] in module test_env is either unconnected or has no load
WARNING: [Synth 8-7129] Port sw[4] in module test_env is either unconnected or has no load
WARNING: [Synth 8-7129] Port sw[3] in module test_env is either unconnected or has no load
---------------------------------------------------------------------------------
Finished Cross Boundary and Area Optimization : Time (s): cpu = 00:01:12 ; elapsed = 00:01:16 . Memory (MB): peak = 1662.867 ; gain = 816.832
---------------------------------------------------------------------------------
---------------------------------------------------------------------------------
Start ROM, RAM, DSP, Shift Register and Retiming Reporting
---------------------------------------------------------------------------------

Distributed RAM: Preliminary Mapping Report (see note below)
+------------+-----------------------------------+-----------+----------------------+----------------+
|Module Name | RTL Object                        | Inference | Size (Depth x Width) | Primitives     | 
+------------+-----------------------------------+-----------+----------------------+----------------+
|test_env    | nolabel_line271/ram_reg           | Implied   | 16 x 16              | RAM16X1S x 16  | 
|test_env    | nolabel_line123/register_file_reg | Implied   | 8 x 8                | RAM32M x 4     | 
+------------+-----------------------------------+-----------+----------------------+----------------+

Note: The table above is a preliminary report that shows the Distributed RAMs at the current stage of the synthesis flow. Some Distributed RAMs may be reimplemented as non Distributed RAM primitives later in the synthesis flow. Multiple instantiated RAMs are reported only once.

DSP: Preliminary Mapping Report (see note below. The ' indicates corresponding REG is set)
+------------+-------------+--------+--------+--------+--------+--------+------+------+------+------+-------+------+------+
|Module Name | DSP Mapping | A Size | B Size | C Size | D Size | P Size | AREG | BREG | CREG | DREG | ADREG | MREG | PREG | 
+------------+-------------+--------+--------+--------+--------+--------+------+------+------+------+-------+------+------+
|execute     | A*B         | 16     | 16     | -      | -      | 32     | 0    | 0    | -    | -    | -     | 0    | 0    | 
+------------+-------------+--------+--------+--------+--------+--------+------+------+------+------+-------+------+------+

Note: The table above is a preliminary report that shows the DSPs inferred at the current stage of the synthesis flow. Some DSP may be reimplemented as non DSP primitives later in the synthesis flow. Multiple instantiated DSPs are reported only once.
---------------------------------------------------------------------------------
Finished ROM, RAM, DSP, Shift Register and Retiming Reporting
---------------------------------------------------------------------------------
---------------------------------------------------------------------------------
Start Applying XDC Timing Constraints
---------------------------------------------------------------------------------
---------------------------------------------------------------------------------
Finished Applying XDC Timing Constraints : Time (s): cpu = 00:02:04 ; elapsed = 00:02:08 . Memory (MB): peak = 1662.867 ; gain = 816.832
---------------------------------------------------------------------------------
---------------------------------------------------------------------------------
Start Timing Optimization
---------------------------------------------------------------------------------
---------------------------------------------------------------------------------
Finished Timing Optimization : Time (s): cpu = 00:02:26 ; elapsed = 00:02:31 . Memory (MB): peak = 1662.867 ; gain = 816.832
---------------------------------------------------------------------------------
---------------------------------------------------------------------------------
Start ROM, RAM, DSP, Shift Register and Retiming Reporting
---------------------------------------------------------------------------------

Distributed RAM: Final Mapping Report
+------------+-----------------------------------+-----------+----------------------+----------------+
|Module Name | RTL Object                        | Inference | Size (Depth x Width) | Primitives     | 
+------------+-----------------------------------+-----------+----------------------+----------------+
|test_env    | nolabel_line271/ram_reg           | Implied   | 16 x 16              | RAM16X1S x 16  | 
|test_env    | nolabel_line123/register_file_reg | Implied   | 8 x 8                | RAM32M x 4     | 
+------------+-----------------------------------+-----------+----------------------+----------------+

---------------------------------------------------------------------------------
Finished ROM, RAM, DSP, Shift Register and Retiming Reporting
---------------------------------------------------------------------------------
---------------------------------------------------------------------------------
Start Technology Mapping
---------------------------------------------------------------------------------
---------------------------------------------------------------------------------
Finished Technology Mapping : Time (s): cpu = 00:02:28 ; elapsed = 00:02:32 . Memory (MB): peak = 1662.867 ; gain = 816.832
---------------------------------------------------------------------------------
---------------------------------------------------------------------------------
Start IO Insertion
---------------------------------------------------------------------------------
---------------------------------------------------------------------------------
Start Flattening Before IO Insertion
---------------------------------------------------------------------------------
---------------------------------------------------------------------------------
Finished Flattening Before IO Insertion
---------------------------------------------------------------------------------
---------------------------------------------------------------------------------
Start Final Netlist Cleanup
---------------------------------------------------------------------------------
---------------------------------------------------------------------------------
Finished Final Netlist Cleanup
---------------------------------------------------------------------------------
---------------------------------------------------------------------------------
Finished IO Insertion : Time (s): cpu = 00:02:38 ; elapsed = 00:02:42 . Memory (MB): peak = 1662.867 ; gain = 816.832
---------------------------------------------------------------------------------
---------------------------------------------------------------------------------
Start Renaming Generated Instances
---------------------------------------------------------------------------------
---------------------------------------------------------------------------------
Finished Renaming Generated Instances : Time (s): cpu = 00:02:38 ; elapsed = 00:02:42 . Memory (MB): peak = 1662.867 ; gain = 816.832
---------------------------------------------------------------------------------
---------------------------------------------------------------------------------
Start Rebuilding User Hierarchy
---------------------------------------------------------------------------------
---------------------------------------------------------------------------------
Finished Rebuilding User Hierarchy : Time (s): cpu = 00:02:38 ; elapsed = 00:02:42 . Memory (MB): peak = 1662.867 ; gain = 816.832
---------------------------------------------------------------------------------
---------------------------------------------------------------------------------
Start Renaming Generated Ports
---------------------------------------------------------------------------------
---------------------------------------------------------------------------------
Finished Renaming Generated Ports : Time (s): cpu = 00:02:38 ; elapsed = 00:02:42 . Memory (MB): peak = 1662.867 ; gain = 816.832
---------------------------------------------------------------------------------
---------------------------------------------------------------------------------
Start Handling Custom Attributes
---------------------------------------------------------------------------------
---------------------------------------------------------------------------------
Finished Handling Custom Attributes : Time (s): cpu = 00:02:38 ; elapsed = 00:02:42 . Memory (MB): peak = 1662.867 ; gain = 816.832
---------------------------------------------------------------------------------
---------------------------------------------------------------------------------
Start Renaming Generated Nets
---------------------------------------------------------------------------------
---------------------------------------------------------------------------------
Finished Renaming Generated Nets : Time (s): cpu = 00:02:38 ; elapsed = 00:02:42 . Memory (MB): peak = 1662.867 ; gain = 816.832
---------------------------------------------------------------------------------
---------------------------------------------------------------------------------
Start Writing Synthesis Report
---------------------------------------------------------------------------------

DSP Final Report (the ' indicates corresponding REG is set)
+------------+-------------+--------+--------+--------+--------+--------+------+------+------+------+-------+------+------+
|Module Name | DSP Mapping | A Size | B Size | C Size | D Size | P Size | AREG | BREG | CREG | DREG | ADREG | MREG | PREG | 
+------------+-------------+--------+--------+--------+--------+--------+------+------+------+------+-------+------+------+
|execute     | A*B         | 16     | 16     | -      | -      | 32     | 0    | 0    | -    | -    | -     | 0    | 0    | 
+------------+-------------+--------+--------+--------+--------+--------+------+------+------+------+-------+------+------+


Report BlackBoxes: 
+-+--------------+----------+
| |BlackBox name |Instances |
+-+--------------+----------+
+-+--------------+----------+

Report Cell Usage: 
+------+---------+------+
|      |Cell     |Count |
+------+---------+------+
|1     |BUFG     |     1|
|2     |CARRY4   |    18|
|3     |DSP48E1  |     1|
|4     |LUT1     |    13|
|5     |LUT2     |    18|
|6     |LUT3     |    43|
|7     |LUT4     |    61|
|8     |LUT5     |    94|
|9     |LUT6     |   138|
|10    |RAM16X1S |    16|
|11    |RAM32M   |     2|
|12    |RAM32X1D |     4|
|13    |FDCE     |   152|
|14    |FDRE     |    22|
|15    |IBUF     |     6|
|16    |OBUF     |    32|
+------+---------+------+
---------------------------------------------------------------------------------
Finished Writing Synthesis Report : Time (s): cpu = 00:02:38 ; elapsed = 00:02:42 . Memory (MB): peak = 1662.867 ; gain = 816.832
---------------------------------------------------------------------------------
Synthesis finished with 0 errors, 0 critical warnings and 15 warnings.
Synthesis Optimization Runtime : Time (s): cpu = 00:02:13 ; elapsed = 00:02:33 . Memory (MB): peak = 1662.867 ; gain = 769.605
Synthesis Optimization Complete : Time (s): cpu = 00:02:38 ; elapsed = 00:02:43 . Memory (MB): peak = 1662.867 ; gain = 816.832
INFO: [Project 1-571] Translating synthesized netlist
Netlist sorting complete. Time (s): cpu = 00:00:00 ; elapsed = 00:00:00.023 . Memory (MB): peak = 1662.867 ; gain = 0.000
INFO: [Netlist 29-17] Analyzing 41 Unisim elements for replacement
INFO: [Netlist 29-28] Unisim Transformation completed in 0 CPU seconds
INFO: [Project 1-570] Preparing netlist for logic optimization
INFO: [Opt 31-138] Pushed 1 inverter(s) to 6 load pin(s).
Netlist sorting complete. Time (s): cpu = 00:00:00 ; elapsed = 00:00:00.001 . Memory (MB): peak = 1662.867 ; gain = 0.000
INFO: [Project 1-111] Unisim Transformation Summary:
  A total of 22 instances were transformed.
  RAM16X1S => RAM32X1S (RAMS32): 16 instances
  RAM32M => RAM32M (inverted pins: WCLK) (RAMD32(x6), RAMS32(x2)): 2 instances
  RAM32X1D => RAM32X1D (inverted pins: WCLK) (RAMD32(x2)): 4 instances

Synth Design complete, checksum: 3ddaa71a
INFO: [Common 17-83] Releasing license: Synthesis
50 Infos, 52 Warnings, 0 Critical Warnings and 0 Errors encountered.
synth_design completed successfully
synth_design: Time (s): cpu = 00:02:56 ; elapsed = 00:03:01 . Memory (MB): peak = 1662.867 ; gain = 1213.469
INFO: [Common 17-1381] The checkpoint 'C:/Users/david/Desktop/MIPS_PIPELINE/MIPS_PIPELINE.runs/synth_1/test_env.dcp' has been generated.
INFO: [runtcl-4] Executing : report_utilization -file test_env_utilization_synth.rpt -pb test_env_utilization_synth.pb
INFO: [Common 17-206] Exiting Vivado at Tue May  9 08:16:36 2023...
